Source/WaterDetect/build/outputs/logs/manifest-merger-debug-report.txt
-- Merging decision tree log ---
manifest
ADDED from Source/WaterDetect/AndroidManifest.xml:1:1-35:12
	package
		ADDED from Source/WaterDetect/AndroidManifest.xml:2:5-35
		INJECTED from Source/WaterDetect/AndroidManifest.xml
		INJECTED from Source/WaterDetect/AndroidManifest.xml
	android:versionName
		ADDED from Source/WaterDetect/AndroidManifest.xml:4:5-30
		INJECTED from Source/WaterDetect/AndroidManifest.xml
		INJECTED from Source/WaterDetect/AndroidManifest.xml
	android:versionCode
		ADDED from Source/WaterDetect/AndroidManifest.xml:3:5-28
		INJECTED from Source/WaterDetect/AndroidManifest.xml
		INJECTED from Source/WaterDetect/AndroidManifest.xml
	xmlns:android
		ADDED from Source/WaterDetect/AndroidManifest.xml:1:11-69
uses-permission#android.permission.INTERNET
ADDED from Source/WaterDetect/AndroidManifest.xml:6:5-66
	android:name
		ADDED from Source/WaterDetect/AndroidManifest.xml:6:22-64
uses-permission#android.permission.WRITE_EXTERNAL_STORAGE
ADDED from Source/WaterDetect/AndroidManifest.xml:7:5-80
	android:name
		ADDED from Source/WaterDetect/AndroidManifest.xml:7:22-78
uses-permission#android.permission.MOUNT_UNMOUNT_FILESYSTEMS
ADDED from Source/WaterDetect/AndroidManifest.xml:8:5-83
	android:name
		ADDED from Source/WaterDetect/AndroidManifest.xml:8:22-81
uses-sdk
ADDED from Source/WaterDetect/AndroidManifest.xml:11:5-13:41
MERGED from [com.android.support:appcompat-v7:22.2.1] AndroidManifest.xml:20:5-43
MERGED from [com.android.support:support-v4:22.2.1] AndroidManifest.xml:20:5-43
	android:targetSdkVersion
		ADDED from Source/WaterDetect/AndroidManifest.xml:13:9-38
	android:minSdkVersion
		ADDED from Source/WaterDetect/AndroidManifest.xml:12:9-35
		INJECTED from Source/WaterDetect/AndroidManifest.xml
		INJECTED from Source/WaterDetect/AndroidManifest.xml
application
ADDED from Source/WaterDetect/AndroidManifest.xml:15:5-33:19
MERGED from [com.android.support:appcompat-v7:22.2.1] AndroidManifest.xml:22:5-20
MERGED from [com.android.support:support-v4:22.2.1] AndroidManifest.xml:22:5-20
	android:label
		ADDED from Source/WaterDetect/AndroidManifest.xml:18:9-41
	android:icon
		ADDED from Source/WaterDetect/AndroidManifest.xml:17:9-45
	android:theme
		ADDED from Source/WaterDetect/AndroidManifest.xml:19:9-44
	android:name
		ADDED from Source/WaterDetect/AndroidManifest.xml:16:9-48
activity#com.jida.activity.test.TestActivity
ADDED from Source/WaterDetect/AndroidManifest.xml:22:9-31:20
	android:screenOrientation
		ADDED from Source/WaterDetect/AndroidManifest.xml:23:13-49
	android:theme
		ADDED from Source/WaterDetect/AndroidManifest.xml:24:13-44
	android:name
		ADDED from Source/WaterDetect/AndroidManifest.xml:22:19-69
intent-filter#android.intent.action.MAIN+android.intent.category.LAUNCHER
ADDED from Source/WaterDetect/AndroidManifest.xml:26:13-29:29
action#android.intent.action.MAIN
ADDED from Source/WaterDetect/AndroidManifest.xml:27:17-69
	android:name
		ADDED from Source/WaterDetect/AndroidManifest.xml:27:25-66
category#android.intent.category.LAUNCHER
ADDED from Source/WaterDetect/AndroidManifest.xml:28:17-77
	android:name
		ADDED from Source/WaterDetect/AndroidManifest.xml:28:27-74